<?xml version="1.0" encoding="UTF-8"?>
<testng-results ignored="1" total="2" passed="1" failed="0" skipped="0">
  <reporter-output>
  </reporter-output>
  <suite started-at="2025-11-25T19:09:51 IST" name="Default suite" finished-at="2025-11-25T19:09:58 IST" duration-ms="7058">
    <groups>
    </groups>
    <test started-at="2025-11-25T19:09:51 IST" name="Default test" finished-at="2025-11-25T19:09:58 IST" duration-ms="7058">
      <class name="Tests.Test_01_Register">
        <test-method is-config="true" signature="launchapplication()[pri:0, instance:Tests.Test_01_Register@6f96c77]" started-at="2025-11-25T19:09:51 IST" name="launchapplication" finished-at="2025-11-25T19:09:53 IST" duration-ms="2758" status="PASS">
          <reporter-output>
          </reporter-output>
        </test-method> <!-- launchapplication -->
        <test-method signature="testregisterpage()[pri:0, instance:Tests.Test_01_Register@6f96c77]" started-at="2025-11-25T19:09:53 IST" name="testregisterpage" finished-at="2025-11-25T19:09:58 IST" duration-ms="4080" status="PASS">
          <reporter-output>
          </reporter-output>
        </test-method> <!-- testregisterpage -->
        <test-method is-config="true" signature="teardown()[pri:0, instance:Tests.Test_01_Register@6f96c77]" started-at="2025-11-25T19:09:58 IST" name="teardown" finished-at="2025-11-25T19:09:58 IST" duration-ms="166" status="PASS">
          <reporter-output>
          </reporter-output>
        </test-method> <!-- teardown -->
      </class> <!-- Tests.Test_01_Register -->
    </test> <!-- Default test -->
  </suite> <!-- Default suite -->
</testng-results>
