<?xml version="1.0" encoding="UTF-8"?>
<!-- Generated by org.testng.reporters.JUnitReportReporter -->
<testsuite hostname="Dhinesh-Pc" failures="0" tests="2" name="Tests.Test_01_Register" time="7.004" errors="0" timestamp="2025-11-25T19:09:58 IST" skipped="1">
  <testcase classname="Tests.Test_01_Register" name="testregisterpage" time="7.004"/>
  <system-out/>
  <testcase classname="Tests.Test_01_Register" name="login">
    <skipped/>
  </testcase> <!-- login -->
  <system-out/>
</testsuite> <!-- Tests.Test_01_Register -->
